  Generando código
  0 of 1215 functions ( 0.0%) were compiled, the rest were copied from previous compilation.
    0 functions were new in current compilation
    0 functions had inline decision re-evaluated but remain unchanged
  Generación de código finalizada
OpenAL32.lib(OpenAL32_lib_s00015.o) : error LNK2026: módulo no seguro de una imagen SAFESEH.
OpenAL32.lib(OpenAL32_lib_s00006.o) : error LNK2026: módulo no seguro de una imagen SAFESEH.
OpenAL32.lib(OpenAL32_lib_s00012.o) : error LNK2026: módulo no seguro de una imagen SAFESEH.
OpenAL32.lib(OpenAL32_lib_s00089.o) : error LNK2026: módulo no seguro de una imagen SAFESEH.
OpenAL32.lib(OpenAL32_lib_s00033.o) : error LNK2026: módulo no seguro de una imagen SAFESEH.
OpenAL32.lib(OpenAL32_lib_s00123.o) : error LNK2026: módulo no seguro de una imagen SAFESEH.
OpenAL32.lib(OpenAL32_lib_s00124.o) : error LNK2026: módulo no seguro de una imagen SAFESEH.
OpenAL32.lib(OpenAL32_lib_s00093.o) : error LNK2026: módulo no seguro de una imagen SAFESEH.
OpenAL32.lib(OpenAL32_lib_s00073.o) : error LNK2026: módulo no seguro de una imagen SAFESEH.
OpenAL32.lib(OpenAL32_lib_s00098.o) : error LNK2026: módulo no seguro de una imagen SAFESEH.
OpenAL32.lib(OpenAL32_lib_s00112.o) : error LNK2026: módulo no seguro de una imagen SAFESEH.
OpenAL32.lib(OpenAL32_lib_s00030.o) : error LNK2026: módulo no seguro de una imagen SAFESEH.
OpenAL32.lib(OpenAL32_lib_s00083.o) : error LNK2026: módulo no seguro de una imagen SAFESEH.
OpenAL32.lib(OpenAL32_lib_s00103.o) : error LNK2026: módulo no seguro de una imagen SAFESEH.
OpenAL32.lib(OpenAL32_lib_s00101.o) : error LNK2026: módulo no seguro de una imagen SAFESEH.
C:\Users\ciber\Documents\ProyectoFinal\Release\Practica7.exe : fatal error LNK1281: No se puede generar la imagen SAFESEH.
